[debug] [2019-02-05T20:46:06.392Z] ----------------------------------------------------------------------
[debug] [2019-02-05T20:46:06.396Z] Command:       /home/mo/.nvm/versions/node/v10.9.0/bin/node /home/mo/.nvm/versions/node/v10.9.0/bin/firebase serve
[debug] [2019-02-05T20:46:06.396Z] CLI Version:   6.3.1
[debug] [2019-02-05T20:46:06.396Z] Platform:      linux
[debug] [2019-02-05T20:46:06.396Z] Node Version:  v10.9.0
[debug] [2019-02-05T20:46:06.397Z] Time:          Tue Feb 05 2019 15:46:06 GMT-0500 (Eastern Standard Time)
[debug] [2019-02-05T20:46:06.397Z] ----------------------------------------------------------------------
[debug] 
[debug] [2019-02-05T20:46:06.403Z] > command requires scopes: ["email","openid","https://www.googleapis.com/auth/cloudplatformprojects.readonly","https://www.googleapis.com/auth/firebase","https://www.googleapis.com/auth/cloud-platform"]
[debug] [2019-02-05T20:46:06.404Z] > authorizing via signed-in user
[debug] [2019-02-05T20:46:06.404Z] [iam] checking project pinterest-f1e4b for permissions ["firebase.projects.get"]
[debug] [2019-02-05T20:46:06.406Z] >>> HTTP REQUEST POST https://cloudresourcemanager.googleapis.com/v1/projects/pinterest-f1e4b:testIamPermissions  

[debug] [2019-02-05T20:46:06.827Z] <<< HTTP RESPONSE 200
[debug] [2019-02-05T20:46:06.830Z] >>> HTTP REQUEST GET https://cloudresourcemanager.googleapis.com/v1/projects/pinterest-f1e4b  
 
[debug] [2019-02-05T20:46:07.215Z] <<< HTTP RESPONSE 200
[info] 
[info] === Serving from '/home/mo/Documents/Projects/pinterest'...
[info] 
[debug] [2019-02-05T20:46:07.227Z] >>> HTTP REQUEST GET https://mobilesdk-pa.googleapis.com/v1/projects/549236728825/clients/_:getWebAppConfig  
 
[debug] [2019-02-05T20:46:07.932Z] <<< HTTP RESPONSE 200
[info] i  hosting: Serving hosting files from: public
[info] ✔  hosting: Local server: http://localhost:5000
